# JRE version: Java(TM) SE Runtime Environment (8.0_131-b11) (build 1.8.0_131-b11)
# Java VM: Java HotSpot(TM) 64-Bit Server VM (25.131-b11 mixed mode linux-amd64 compressed oops)
Heap:
 def new generation   total 354240K, used 39293K [0x000000008c000000, 0x00000000a4060000, 0x00000000b2aa0000)
  eden space 314880K,  12% used [0x000000008c000000, 0x000000008e65f5a8, 0x000000009f380000)
  from space 39360K,   0% used [0x000000009f380000, 0x000000009f380000, 0x00000000a19f0000)
  to   space 39360K,   0% used [0x00000000a19f0000, 0x00000000a19f0000, 0x00000000a4060000)
 tenured generation   total 838956K, used 838955K [0x00000000b2aa0000, 0x00000000e5deb000, 0x0000000100000000)
   the space 838956K,  99% used [0x00000000b2aa0000, 0x00000000e5deaff0, 0x00000000e5deb000, 0x00000000e5deb000)
 Metaspace       used 2572K, capacity 4554K, committed 4864K, reserved 1056768K
  class space    used 276K, capacity 386K, committed 512K, reserved 1048576K
GC Heap History (10 events):
Event: 41.652 GC heap after
Heap after GC invocations=20 (full 3):
 def new generation   total 199296K, used 22080K [0x000000008c000000, 0x0000000099830000, 0x00000000b2aa0000)
  eden space 177216K,   0% used [0x000000008c000000, 0x000000008c000000, 0x0000000096d10000)
  from space 22080K, 100% used [0x00000000982a0000, 0x0000000099830000, 0x0000000099830000)
  to   space 22080K,   0% used [0x0000000096d10000, 0x0000000096d10000, 0x00000000982a0000)
 tenured generation   total 442700K, used 417083K [0x00000000b2aa0000, 0x00000000cdaf3000, 0x0000000100000000)
   the space 442700K,  94% used [0x00000000b2aa0000, 0x00000000cc1eec08, 0x00000000cc1eee00, 0x00000000cdaf3000)
 Metaspace       used 2572K, capacity 4554K, committed 4864K, reserved 1056768K
  class space    used 276K, capacity 386K, committed 512K, reserved 1048576K
}
Event: 42.126 GC heap before
{Heap before GC invocations=20 (full 3):
 def new generation   total 199296K, used 199296K [0x000000008c000000, 0x0000000099830000, 0x00000000b2aa0000)
  eden space 177216K, 100% used [0x000000008c000000, 0x0000000096d10000, 0x0000000096d10000)
  from space 22080K, 100% used [0x00000000982a0000, 0x0000000099830000, 0x0000000099830000)
  to   space 22080K,   0% used [0x0000000096d10000, 0x0000000096d10000, 0x00000000982a0000)
 tenured generation   total 442700K, used 417083K [0x00000000b2aa0000, 0x00000000cdaf3000, 0x0000000100000000)
   the space 442700K,  94% used [0x00000000b2aa0000, 0x00000000cc1eec08, 0x00000000cc1eee00, 0x00000000cdaf3000)
 Metaspace       used 2572K, capacity 4554K, committed 4864K, reserved 1056768K
  class space    used 276K, capacity 386K, committed 512K, reserved 1048576K
Event: 45.188 GC heap after
Heap after GC invocations=21 (full 4):
 def new generation   total 354240K, used 21891K [0x000000008c000000, 0x00000000a4060000, 0x00000000b2aa0000)
  eden space 314880K,   6% used [0x000000008c000000, 0x000000008d560c18, 0x000000009f380000)
  from space 39360K,   0% used [0x000000009f380000, 0x000000009f380000, 0x00000000a19f0000)
  to   space 39360K,   0% used [0x00000000a19f0000, 0x00000000a19f0000, 0x00000000a4060000)
 tenured generation   total 787116K, used 472268K [0x00000000b2aa0000, 0x00000000e2b4b000, 0x0000000100000000)
   the space 787116K,  59% used [0x00000000b2aa0000, 0x00000000cf7d3000, 0x00000000cf7d3000, 0x00000000e2b4b000)
 Metaspace       used 2572K, capacity 4554K, committed 4864K, reserved 1056768K
  class space    used 276K, capacity 386K, committed 512K, reserved 1048576K
}
Event: 45.790 GC heap before
{Heap before GC invocations=21 (full 4):
 def new generation   total 354240K, used 314880K [0x000000008c000000, 0x00000000a4060000, 0x00000000b2aa0000)
  eden space 314880K, 100% used [0x000000008c000000, 0x000000009f380000, 0x000000009f380000)
  from space 39360K,   0% used [0x000000009f380000, 0x000000009f380000, 0x00000000a19f0000)
  to   space 39360K,   0% used [0x00000000a19f0000, 0x00000000a19f0000, 0x00000000a4060000)
 tenured generation   total 787116K, used 472268K [0x00000000b2aa0000, 0x00000000e2b4b000, 0x0000000100000000)
   the space 787116K,  59% used [0x00000000b2aa0000, 0x00000000cf7d3000, 0x00000000cf7d3000, 0x00000000e2b4b000)
 Metaspace       used 2572K, capacity 4554K, committed 4864K, reserved 1056768K
  class space    used 276K, capacity 386K, committed 512K, reserved 1048576K
Event: 47.287 GC heap after
Heap after GC invocations=22 (full 4):
 def new generation   total 354240K, used 39360K [0x000000008c000000, 0x00000000a4060000, 0x00000000b2aa0000)
  eden space 314880K,   0% used [0x000000008c000000, 0x000000008c000000, 0x000000009f380000)
  from space 39360K, 100% used [0x00000000a19f0000, 0x00000000a4060000, 0x00000000a4060000)
  to   space 39360K,   0% used [0x000000009f380000, 0x000000009f380000, 0x00000000a19f0000)
 tenured generation   total 787116K, used 545726K [0x00000000b2aa0000, 0x00000000e2b4b000, 0x0000000100000000)
   the space 787116K,  69% used [0x00000000b2aa0000, 0x00000000d3f8f8d8, 0x00000000d3f8fa00, 0x00000000e2b4b000)
 Metaspace       used 2572K, capacity 4554K, committed 4864K, reserved 1056768K
  class space    used 276K, capacity 386K, committed 512K, reserved 1048576K
}
Event: 47.988 GC heap before
{Heap before GC invocations=22 (full 4):
 def new generation   total 354240K, used 354240K [0x000000008c000000, 0x00000000a4060000, 0x00000000b2aa0000)
  eden space 314880K, 100% used [0x000000008c000000, 0x000000009f380000, 0x000000009f380000)
  from space 39360K, 100% used [0x00000000a19f0000, 0x00000000a4060000, 0x00000000a4060000)
  to   space 39360K,   0% used [0x000000009f380000, 0x000000009f380000, 0x00000000a19f0000)
 tenured generation   total 787116K, used 545726K [0x00000000b2aa0000, 0x00000000e2b4b000, 0x0000000100000000)
   the space 787116K,  69% used [0x00000000b2aa0000, 0x00000000d3f8f8d8, 0x00000000d3f8fa00, 0x00000000e2b4b000)
 Metaspace       used 2572K, capacity 4554K, committed 4864K, reserved 1056768K
  class space    used 276K, capacity 386K, committed 512K, reserved 1048576K
Event: 49.177 GC heap after
Heap after GC invocations=23 (full 4):
 def new generation   total 354240K, used 39360K [0x000000008c000000, 0x00000000a4060000, 0x00000000b2aa0000)
  eden space 314880K,   0% used [0x000000008c000000, 0x000000008c000000, 0x000000009f380000)
  from space 39360K, 100% used [0x000000009f380000, 0x00000000a19f0000, 0x00000000a19f0000)
  to   space 39360K,   0% used [0x00000000a19f0000, 0x00000000a19f0000, 0x00000000a4060000)
 tenured generation   total 787116K, used 643447K [0x00000000b2aa0000, 0x00000000e2b4b000, 0x0000000100000000)
   the space 787116K,  81% used [0x00000000b2aa0000, 0x00000000d9efdd30, 0x00000000d9efde00, 0x00000000e2b4b000)
 Metaspace       used 2572K, capacity 4554K, committed 4864K, reserved 1056768K
  class space    used 276K, capacity 386K, committed 512K, reserved 1048576K
}
Event: 50.395 GC heap before
{Heap before GC invocations=23 (full 4):
 def new generation   total 354240K, used 354240K [0x000000008c000000, 0x00000000a4060000, 0x00000000b2aa0000)
  eden space 314880K, 100% used [0x000000008c000000, 0x000000009f380000, 0x000000009f380000)
  from space 39360K, 100% used [0x000000009f380000, 0x00000000a19f0000, 0x00000000a19f0000)
  to   space 39360K,   0% used [0x00000000a19f0000, 0x00000000a19f0000, 0x00000000a4060000)
 tenured generation   total 787116K, used 643447K [0x00000000b2aa0000, 0x00000000e2b4b000, 0x0000000100000000)
   the space 787116K,  81% used [0x00000000b2aa0000, 0x00000000d9efdd30, 0x00000000d9efde00, 0x00000000e2b4b000)
 Metaspace       used 2572K, capacity 4554K, committed 4864K, reserved 1056768K
  class space    used 276K, capacity 386K, committed 512K, reserved 1048576K
Event: 52.209 GC heap after
Heap after GC invocations=24 (full 4):
 def new generation   total 354240K, used 39360K [0x000000008c000000, 0x00000000a4060000, 0x00000000b2aa0000)
  eden space 314880K,   0% used [0x000000008c000000, 0x000000008c000000, 0x000000009f380000)
  from space 39360K, 100% used [0x00000000a19f0000, 0x00000000a4060000, 0x00000000a4060000)
  to   space 39360K,   0% used [0x000000009f380000, 0x000000009f380000, 0x00000000a19f0000)
 tenured generation   total 787116K, used 741168K [0x00000000b2aa0000, 0x00000000e2b4b000, 0x0000000100000000)
   the space 787116K,  94% used [0x00000000b2aa0000, 0x00000000dfe6c188, 0x00000000dfe6c200, 0x00000000e2b4b000)
 Metaspace       used 2572K, capacity 4554K, committed 4864K, reserved 1056768K
  class space    used 276K, capacity 386K, committed 512K, reserved 1048576K
}
Event: 53.562 GC heap before
{Heap before GC invocations=24 (full 4):
 def new generation   total 354240K, used 354240K [0x000000008c000000, 0x00000000a4060000, 0x00000000b2aa0000)
  eden space 314880K, 100% used [0x000000008c000000, 0x000000009f380000, 0x000000009f380000)
  from space 39360K, 100% used [0x00000000a19f0000, 0x00000000a4060000, 0x00000000a4060000)
  to   space 39360K,   0% used [0x000000009f380000, 0x000000009f380000, 0x00000000a19f0000)
 tenured generation   total 787116K, used 741168K [0x00000000b2aa0000, 0x00000000e2b4b000, 0x0000000100000000)
   the space 787116K,  94% used [0x00000000b2aa0000, 0x00000000dfe6c188, 0x00000000dfe6c200, 0x00000000e2b4b000)
 Metaspace       used 2572K, capacity 4554K, committed 4864K, reserved 1056768K
  class space    used 276K, capacity 386K, committed 512K, reserved 1048576K

