# JRE version: Java(TM) SE Runtime Environment (8.0_131-b11) (build 1.8.0_131-b11)
# Java VM: Java HotSpot(TM) 64-Bit Server VM (25.131-b11 mixed mode linux-amd64 compressed oops)
Heap:
 def new generation   total 61632K, used 6842K [0x000000008c000000, 0x00000000902e0000, 0x00000000b2aa0000)
  eden space 54784K,  12% used [0x000000008c000000, 0x000000008c6aeb88, 0x000000008f580000)
  from space 6848K,   0% used [0x000000008f580000, 0x000000008f580000, 0x000000008fc30000)
  to   space 6848K,   0% used [0x000000008fc30000, 0x000000008fc30000, 0x00000000902e0000)
 tenured generation   total 145880K, used 145879K [0x00000000b2aa0000, 0x00000000bb916000, 0x0000000100000000)
   the space 145880K,  99% used [0x00000000b2aa0000, 0x00000000bb915ff8, 0x00000000bb916000, 0x00000000bb916000)
 Metaspace       used 2568K, capacity 4554K, committed 4864K, reserved 1056768K
  class space    used 276K, capacity 386K, committed 512K, reserved 1048576K
GC Heap History (10 events):
Event: 4.554 GC heap after
Heap after GC invocations=8 (full 0):
 def new generation   total 35648K, used 3903K [0x000000008c000000, 0x000000008e6a0000, 0x00000000b2aa0000)
  eden space 31744K,   0% used [0x000000008c000000, 0x000000008c000000, 0x000000008df00000)
  from space 3904K,  99% used [0x000000008df00000, 0x000000008e2cfff0, 0x000000008e2d0000)
  to   space 3904K,   0% used [0x000000008e2d0000, 0x000000008e2d0000, 0x000000008e6a0000)
 tenured generation   total 79232K, used 72133K [0x00000000b2aa0000, 0x00000000b7800000, 0x0000000100000000)
   the space 79232K,  91% used [0x00000000b2aa0000, 0x00000000b7111510, 0x00000000b7111600, 0x00000000b7800000)
 Metaspace       used 2568K, capacity 4554K, committed 4864K, reserved 1056768K
  class space    used 276K, capacity 386K, committed 512K, reserved 1048576K
}
Event: 4.645 GC heap before
{Heap before GC invocations=8 (full 0):
 def new generation   total 35648K, used 35647K [0x000000008c000000, 0x000000008e6a0000, 0x00000000b2aa0000)
  eden space 31744K, 100% used [0x000000008c000000, 0x000000008df00000, 0x000000008df00000)
  from space 3904K,  99% used [0x000000008df00000, 0x000000008e2cfff0, 0x000000008e2d0000)
  to   space 3904K,   0% used [0x000000008e2d0000, 0x000000008e2d0000, 0x000000008e6a0000)
 tenured generation   total 79232K, used 72133K [0x00000000b2aa0000, 0x00000000b7800000, 0x0000000100000000)
   the space 79232K,  91% used [0x00000000b2aa0000, 0x00000000b7111510, 0x00000000b7111600, 0x00000000b7800000)
 Metaspace       used 2568K, capacity 4554K, committed 4864K, reserved 1056768K
  class space    used 276K, capacity 386K, committed 512K, reserved 1048576K
Event: 6.684 GC heap after
Heap after GC invocations=9 (full 1):
 def new generation   total 61632K, used 3776K [0x000000008c000000, 0x00000000902e0000, 0x00000000b2aa0000)
  eden space 54784K,   6% used [0x000000008c000000, 0x000000008c3b01d8, 0x000000008f580000)
  from space 6848K,   0% used [0x000000008f580000, 0x000000008f580000, 0x000000008fc30000)
  to   space 6848K,   0% used [0x000000008fc30000, 0x000000008fc30000, 0x00000000902e0000)
 tenured generation   total 136856K, used 82111K [0x00000000b2aa0000, 0x00000000bb046000, 0x0000000100000000)
   the space 136856K,  59% used [0x00000000b2aa0000, 0x00000000b7acfff8, 0x00000000b7ad0000, 0x00000000bb046000)
 Metaspace       used 2568K, capacity 4554K, committed 4864K, reserved 1056768K
  class space    used 276K, capacity 386K, committed 512K, reserved 1048576K
}
Event: 7.182 GC heap before
{Heap before GC invocations=9 (full 1):
 def new generation   total 61632K, used 54784K [0x000000008c000000, 0x00000000902e0000, 0x00000000b2aa0000)
  eden space 54784K, 100% used [0x000000008c000000, 0x000000008f580000, 0x000000008f580000)
  from space 6848K,   0% used [0x000000008f580000, 0x000000008f580000, 0x000000008fc30000)
  to   space 6848K,   0% used [0x000000008fc30000, 0x000000008fc30000, 0x00000000902e0000)
 tenured generation   total 136856K, used 82111K [0x00000000b2aa0000, 0x00000000bb046000, 0x0000000100000000)
   the space 136856K,  59% used [0x00000000b2aa0000, 0x00000000b7acfff8, 0x00000000b7ad0000, 0x00000000bb046000)
 Metaspace       used 2568K, capacity 4554K, committed 4864K, reserved 1056768K
  class space    used 276K, capacity 386K, committed 512K, reserved 1048576K
Event: 7.908 GC heap after
Heap after GC invocations=10 (full 1):
 def new generation   total 61632K, used 6847K [0x000000008c000000, 0x00000000902e0000, 0x00000000b2aa0000)
  eden space 54784K,   0% used [0x000000008c000000, 0x000000008c000000, 0x000000008f580000)
  from space 6848K,  99% used [0x000000008fc30000, 0x00000000902dfff8, 0x00000000902e0000)
  to   space 6848K,   0% used [0x000000008f580000, 0x000000008f580000, 0x000000008fc30000)
 tenured generation   total 136856K, used 94870K [0x00000000b2aa0000, 0x00000000bb046000, 0x0000000100000000)
   the space 136856K,  69% used [0x00000000b2aa0000, 0x00000000b8745898, 0x00000000b8745a00, 0x00000000bb046000)
 Metaspace       used 2568K, capacity 4554K, committed 4864K, reserved 1056768K
  class space    used 276K, capacity 386K, committed 512K, reserved 1048576K
}
Event: 8.133 GC heap before
{Heap before GC invocations=10 (full 1):
 def new generation   total 61632K, used 61631K [0x000000008c000000, 0x00000000902e0000, 0x00000000b2aa0000)
  eden space 54784K, 100% used [0x000000008c000000, 0x000000008f580000, 0x000000008f580000)
  from space 6848K,  99% used [0x000000008fc30000, 0x00000000902dfff8, 0x00000000902e0000)
  to   space 6848K,   0% used [0x000000008f580000, 0x000000008f580000, 0x000000008fc30000)
 tenured generation   total 136856K, used 94870K [0x00000000b2aa0000, 0x00000000bb046000, 0x0000000100000000)
   the space 136856K,  69% used [0x00000000b2aa0000, 0x00000000b8745898, 0x00000000b8745a00, 0x00000000bb046000)
 Metaspace       used 2568K, capacity 4554K, committed 4864K, reserved 1056768K
  class space    used 276K, capacity 386K, committed 512K, reserved 1048576K
Event: 8.631 GC heap after
Heap after GC invocations=11 (full 1):
 def new generation   total 61632K, used 6847K [0x000000008c000000, 0x00000000902e0000, 0x00000000b2aa0000)
  eden space 54784K,   0% used [0x000000008c000000, 0x000000008c000000, 0x000000008f580000)
  from space 6848K,  99% used [0x000000008f580000, 0x000000008fc2fff8, 0x000000008fc30000)
  to   space 6848K,   0% used [0x000000008fc30000, 0x000000008fc30000, 0x00000000902e0000)
 tenured generation   total 136856K, used 111871K [0x00000000b2aa0000, 0x00000000bb046000, 0x0000000100000000)
   the space 136856K,  81% used [0x00000000b2aa0000, 0x00000000b97dfec0, 0x00000000b97e0000, 0x00000000bb046000)
 Metaspace       used 2568K, capacity 4554K, committed 4864K, reserved 1056768K
  class space    used 276K, capacity 386K, committed 512K, reserved 1048576K
}
Event: 8.986 GC heap before
{Heap before GC invocations=11 (full 1):
 def new generation   total 61632K, used 61631K [0x000000008c000000, 0x00000000902e0000, 0x00000000b2aa0000)
  eden space 54784K, 100% used [0x000000008c000000, 0x000000008f580000, 0x000000008f580000)
  from space 6848K,  99% used [0x000000008f580000, 0x000000008fc2fff8, 0x000000008fc30000)
  to   space 6848K,   0% used [0x000000008fc30000, 0x000000008fc30000, 0x00000000902e0000)
 tenured generation   total 136856K, used 111871K [0x00000000b2aa0000, 0x00000000bb046000, 0x0000000100000000)
   the space 136856K,  81% used [0x00000000b2aa0000, 0x00000000b97dfec0, 0x00000000b97e0000, 0x00000000bb046000)
 Metaspace       used 2568K, capacity 4554K, committed 4864K, reserved 1056768K
  class space    used 276K, capacity 386K, committed 512K, reserved 1048576K
Event: 9.355 GC heap after
Heap after GC invocations=12 (full 1):
 def new generation   total 61632K, used 6847K [0x000000008c000000, 0x00000000902e0000, 0x00000000b2aa0000)
  eden space 54784K,   0% used [0x000000008c000000, 0x000000008c000000, 0x000000008f580000)
  from space 6848K,  99% used [0x000000008fc30000, 0x00000000902dfff8, 0x00000000902e0000)
  to   space 6848K,   0% used [0x000000008f580000, 0x000000008f580000, 0x000000008fc30000)
 tenured generation   total 136856K, used 128873K [0x00000000b2aa0000, 0x00000000bb046000, 0x0000000100000000)
   the space 136856K,  94% used [0x00000000b2aa0000, 0x00000000ba87a500, 0x00000000ba87a600, 0x00000000bb046000)
 Metaspace       used 2568K, capacity 4554K, committed 4864K, reserved 1056768K
  class space    used 276K, capacity 386K, committed 512K, reserved 1048576K
}
Event: 9.514 GC heap before
{Heap before GC invocations=12 (full 1):
 def new generation   total 61632K, used 61631K [0x000000008c000000, 0x00000000902e0000, 0x00000000b2aa0000)
  eden space 54784K, 100% used [0x000000008c000000, 0x000000008f580000, 0x000000008f580000)
  from space 6848K,  99% used [0x000000008fc30000, 0x00000000902dfff8, 0x00000000902e0000)
  to   space 6848K,   0% used [0x000000008f580000, 0x000000008f580000, 0x000000008fc30000)
 tenured generation   total 136856K, used 128873K [0x00000000b2aa0000, 0x00000000bb046000, 0x0000000100000000)
   the space 136856K,  94% used [0x00000000b2aa0000, 0x00000000ba87a500, 0x00000000ba87a600, 0x00000000bb046000)
 Metaspace       used 2568K, capacity 4554K, committed 4864K, reserved 1056768K
  class space    used 276K, capacity 386K, committed 512K, reserved 1048576K

